[19:20:32] [main/WARN]: Failed to add PDH Counter: \Archivo de paginación(_Total)\% Usage, Error code: 0xC0000BB8
[19:20:32] [main/WARN]: Failed to add counter for PDH object: Archivo de paginación
[19:20:32] [main/WARN]: Disabling further attempts to query Paging File.
[19:20:37] [main/INFO]: Environment: authHost='https://authserver.mojang.com', accountsHost='https://api.mojang.com', sessionHost='https://sessionserver.mojang.com', servicesHost='https://api.minecraftservices.com', name='PROD'
[19:20:37] [main/WARN]: Ambiguity between arguments [teleport, location] and [teleport, destination] with inputs: [0.1 -0.5 .9, 0 0 0]
[19:20:37] [main/WARN]: Ambiguity between arguments [teleport, location] and [teleport, targets] with inputs: [0.1 -0.5 .9, 0 0 0]
[19:20:37] [main/WARN]: Ambiguity between arguments [teleport, destination] and [teleport, targets] with inputs: [Player, 0123, @e, dd12be42-52a9-4a91-a8a1-11c01849e498]
[19:20:37] [main/WARN]: Ambiguity between arguments [teleport, targets] and [teleport, destination] with inputs: [Player, 0123, dd12be42-52a9-4a91-a8a1-11c01849e498]
[19:20:37] [main/WARN]: Ambiguity between arguments [teleport, targets, location] and [teleport, targets, destination] with inputs: [0.1 -0.5 .9, 0 0 0]
[19:20:37] [main/INFO]: Reloading ResourceManager: Default, CavesAndCliffsPreview.zip, CavesAndCliffsPreview
[19:20:39] [Worker-Main-9/INFO]: Loaded 7 recipes
[19:20:40] [Worker-Main-9/INFO]: Loaded 1138 advancements
[19:20:42] [Server thread/INFO]: Starting minecraft server version 1.17
[19:20:42] [Server thread/INFO]: Loading properties
[19:20:42] [Server thread/INFO]: Default game type: SURVIVAL
[19:20:42] [Server thread/INFO]: Generating keypair
[19:20:43] [Server thread/INFO]: Starting Minecraft server on *:25565
[19:20:43] [Server thread/INFO]: Using default channel type
[19:20:43] [Server thread/INFO]: Preparing level "world"
[19:20:43] [Server thread/INFO]: Preparing start region for dimension minecraft:overworld
[19:20:43] [Worker-Main-12/INFO]: Preparing spawn area: 0%
[19:20:44] [Worker-Main-8/INFO]: Preparing spawn area: 0%
[19:20:44] [Worker-Main-12/INFO]: Preparing spawn area: 0%
[19:20:45] [Worker-Main-13/INFO]: Preparing spawn area: 0%
[19:20:45] [Worker-Main-11/INFO]: Preparing spawn area: 0%
[19:20:46] [Worker-Main-12/INFO]: Preparing spawn area: 5%
[19:20:46] [Worker-Main-12/INFO]: Preparing spawn area: 7%
[19:20:50] [Worker-Main-8/INFO]: Preparing spawn area: 9%
[19:20:50] [Worker-Main-12/INFO]: Preparing spawn area: 9%
[19:20:50] [Worker-Main-8/INFO]: Preparing spawn area: 9%
[19:20:50] [Worker-Main-9/INFO]: Preparing spawn area: 9%
[19:20:50] [Worker-Main-8/INFO]: Preparing spawn area: 9%
[19:20:50] [Worker-Main-8/INFO]: Preparing spawn area: 9%
[19:20:50] [Worker-Main-9/INFO]: Preparing spawn area: 9%
[19:20:50] [Worker-Main-10/INFO]: Preparing spawn area: 55%
[19:20:51] [Worker-Main-11/INFO]: Preparing spawn area: 99%
[19:20:51] [Server thread/INFO]: Time elapsed: 7762 ms
[19:20:51] [Server thread/INFO]: Done (7.886s)! For help, type "help"
[19:30:11] [User Authenticator #1/INFO]: UUID of player Davavico is 99dc6bee-a47f-4dfc-aa59-cf86a62c21c4
[19:30:12] [Server thread/INFO]: Davavico[/127.0.0.1:52243] logged in with entity id 84 at (-3533.4351532666633, 76.5, 2717.0810258454026)
[19:30:12] [Server thread/INFO]: Davavico joined the game
[19:38:40] [Server thread/INFO]: [Davavico: Set own game mode to Creative Mode]
[19:45:37] [Server thread/INFO]: Davavico lost connection: Disconnected
[19:45:37] [Server thread/INFO]: Davavico left the game
[20:18:17] [Server thread/INFO]: Stopping the server
[20:18:17] [Server thread/INFO]: Stopping server
[20:18:17] [Server thread/INFO]: Saving players
[20:18:17] [Server thread/INFO]: Saving worlds
[20:18:17] [Server thread/INFO]: Saving chunks for level 'ServerLevel[Cuevas]'/minecraft:overworld
[20:18:19] [Server thread/INFO]: ThreadedAnvilChunkStorage (world): All chunks are saved
[20:18:19] [Server thread/INFO]: Saving chunks for level 'ServerLevel[Cuevas]'/minecraft:the_nether
[20:18:19] [Server thread/INFO]: ThreadedAnvilChunkStorage (DIM-1): All chunks are saved
[20:18:19] [Server thread/INFO]: Saving chunks for level 'ServerLevel[Cuevas]'/minecraft:the_end
[20:18:19] [Server thread/INFO]: ThreadedAnvilChunkStorage (DIM1): All chunks are saved
[20:18:20] [Server thread/INFO]: ThreadedAnvilChunkStorage (world): All chunks are saved
[20:18:23] [Server thread/INFO]: ThreadedAnvilChunkStorage (DIM-1): All chunks are saved
[20:18:23] [Server thread/INFO]: ThreadedAnvilChunkStorage (DIM1): All chunks are saved
